<?xml version="1.0" encoding="UTF-8"?>
<testsuite name="demo.base.BaseDemoTest" tests="1" skipped="0" failures="0" errors="0" timestamp="2022-06-28T18:31:02" hostname="DESKTOP-ED75M3T" time="0.015">
  <properties/>
  <testcase name="should_return_0()" classname="demo.base.BaseDemoTest" time="0.015"/>
  <system-out><![CDATA[]]></system-out>
  <system-err><![CDATA[]]></system-err>
</testsuite>
